mode: atomic
github.com/nattokin/go-backlog/activity.go:18.75,19.38 1 0
github.com/nattokin/go-backlog/activity.go:19.38,20.27 1 0
github.com/nattokin/go-backlog/activity.go:26.3,26.13 1 0
github.com/nattokin/go-backlog/activity.go:20.27,21.25 1 0
github.com/nattokin/go-backlog/activity.go:24.4,24.47 1 0
github.com/nattokin/go-backlog/activity.go:21.25,23.5 1 0
github.com/nattokin/go-backlog/activity.go:31.62,32.38 1 0
github.com/nattokin/go-backlog/activity.go:32.38,33.16 1 0
github.com/nattokin/go-backlog/activity.go:36.3,37.13 2 0
github.com/nattokin/go-backlog/activity.go:33.16,35.4 1 0
github.com/nattokin/go-backlog/activity.go:42.62,43.38 1 0
github.com/nattokin/go-backlog/activity.go:43.38,44.16 1 0
github.com/nattokin/go-backlog/activity.go:47.3,48.13 2 0
github.com/nattokin/go-backlog/activity.go:44.16,46.4 1 0
github.com/nattokin/go-backlog/activity.go:53.62,54.38 1 0
github.com/nattokin/go-backlog/activity.go:54.38,55.31 1 0
github.com/nattokin/go-backlog/activity.go:58.3,59.13 2 0
github.com/nattokin/go-backlog/activity.go:55.31,57.4 1 0
github.com/nattokin/go-backlog/activity.go:64.65,65.38 1 0
github.com/nattokin/go-backlog/activity.go:65.38,66.46 1 0
github.com/nattokin/go-backlog/activity.go:69.3,70.13 2 0
github.com/nattokin/go-backlog/activity.go:66.46,68.4 1 0
github.com/nattokin/go-backlog/activity.go:80.68,85.2 1 167
github.com/nattokin/go-backlog/activity.go:87.101,89.33 2 0
github.com/nattokin/go-backlog/activity.go:95.2,96.16 2 0
github.com/nattokin/go-backlog/activity.go:99.2,102.62 3 0
github.com/nattokin/go-backlog/activity.go:106.2,106.15 1 0
github.com/nattokin/go-backlog/activity.go:89.33,90.40 1 0
github.com/nattokin/go-backlog/activity.go:90.40,92.4 1 0
github.com/nattokin/go-backlog/activity.go:96.16,98.3 1 0
github.com/nattokin/go-backlog/activity.go:102.62,104.3 1 0
github.com/nattokin/go-backlog/activity.go:114.60,118.2 1 19
github.com/nattokin/go-backlog/activity.go:125.74,129.2 1 77
github.com/nattokin/go-backlog/activity.go:134.110,135.26 1 0
github.com/nattokin/go-backlog/activity.go:139.2,140.37 2 0
github.com/nattokin/go-backlog/activity.go:135.26,137.3 1 0
github.com/nattokin/go-backlog/activity.go:148.70,152.2 1 19
github.com/nattokin/go-backlog/activity.go:157.85,160.2 2 0
github.com/nattokin/go-backlog/activity.go:167.68,171.2 1 52
github.com/nattokin/go-backlog/activity.go:176.92,179.2 2 0
github.com/nattokin/go-backlog/space.go:10.54,15.2 1 19
github.com/nattokin/go-backlog/pullrequest.go:10.66,20.2 2 19
github.com/nattokin/go-backlog/status.go:8.56,12.2 1 19
github.com/nattokin/go-backlog/attachment.go:18.83,21.16 3 0
github.com/nattokin/go-backlog/attachment.go:24.2,27.62 3 0
github.com/nattokin/go-backlog/attachment.go:31.2,31.16 1 0
github.com/nattokin/go-backlog/attachment.go:21.16,23.3 1 0
github.com/nattokin/go-backlog/attachment.go:27.62,29.3 1 0
github.com/nattokin/go-backlog/attachment.go:34.75,36.16 2 0
github.com/nattokin/go-backlog/attachment.go:39.2,42.62 3 0
github.com/nattokin/go-backlog/attachment.go:46.2,46.15 1 0
github.com/nattokin/go-backlog/attachment.go:36.16,38.3 1 0
github.com/nattokin/go-backlog/attachment.go:42.62,44.3 1 0
github.com/nattokin/go-backlog/attachment.go:49.75,51.16 2 0
github.com/nattokin/go-backlog/attachment.go:54.2,57.62 3 0
github.com/nattokin/go-backlog/attachment.go:61.2,61.16 1 0
github.com/nattokin/go-backlog/attachment.go:51.16,53.3 1 0
github.com/nattokin/go-backlog/attachment.go:57.62,59.3 1 0
github.com/nattokin/go-backlog/attachment.go:72.96,74.35 2 0
github.com/nattokin/go-backlog/attachment.go:77.2,79.16 3 0
github.com/nattokin/go-backlog/attachment.go:82.2,85.62 3 0
github.com/nattokin/go-backlog/attachment.go:89.2,89.15 1 0
github.com/nattokin/go-backlog/attachment.go:74.35,76.3 1 0
github.com/nattokin/go-backlog/attachment.go:79.16,81.3 1 0
github.com/nattokin/go-backlog/attachment.go:85.62,87.3 1 0
github.com/nattokin/go-backlog/attachment.go:95.73,98.2 2 0
github.com/nattokin/go-backlog/attachment.go:103.87,106.2 2 0
github.com/nattokin/go-backlog/attachment.go:116.83,119.2 2 0
github.com/nattokin/go-backlog/attachment.go:124.101,127.2 2 0
github.com/nattokin/go-backlog/attachment.go:137.119,140.2 2 0
github.com/nattokin/go-backlog/attachment.go:145.119,148.2 2 0
github.com/nattokin/go-backlog/category.go:8.60,12.2 1 19
github.com/nattokin/go-backlog/issue.go:10.54,20.2 2 19
github.com/nattokin/go-backlog/priority.go:8.60,12.2 1 19
github.com/nattokin/go-backlog/project.go:18.64,19.38 1 6
github.com/nattokin/go-backlog/project.go:19.38,20.16 1 6
github.com/nattokin/go-backlog/project.go:23.3,24.13 2 4
github.com/nattokin/go-backlog/project.go:20.16,22.4 1 2
github.com/nattokin/go-backlog/project.go:29.66,30.38 1 6
github.com/nattokin/go-backlog/project.go:30.38,31.17 1 6
github.com/nattokin/go-backlog/project.go:34.3,35.13 2 4
github.com/nattokin/go-backlog/project.go:31.17,33.4 1 2
github.com/nattokin/go-backlog/project.go:40.75,41.38 1 8
github.com/nattokin/go-backlog/project.go:41.38,44.3 2 8
github.com/nattokin/go-backlog/project.go:48.80,49.38 1 8
github.com/nattokin/go-backlog/project.go:49.38,52.3 2 8
github.com/nattokin/go-backlog/project.go:56.96,57.38 1 8
github.com/nattokin/go-backlog/project.go:57.38,60.3 2 8
github.com/nattokin/go-backlog/project.go:64.82,65.38 1 10
github.com/nattokin/go-backlog/project.go:65.38,66.58 1 10
github.com/nattokin/go-backlog/project.go:69.3,70.13 2 8
github.com/nattokin/go-backlog/project.go:66.58,68.4 1 2
github.com/nattokin/go-backlog/project.go:75.72,76.38 1 6
github.com/nattokin/go-backlog/project.go:76.38,79.3 2 6
github.com/nattokin/go-backlog/project.go:91.58,98.2 1 77
github.com/nattokin/go-backlog/project.go:103.55,108.2 3 2
github.com/nattokin/go-backlog/project.go:114.52,119.2 3 1
github.com/nattokin/go-backlog/project.go:124.57,130.2 4 1
github.com/nattokin/go-backlog/project.go:136.60,142.2 4 1
github.com/nattokin/go-backlog/project.go:148.59,154.2 4 1
github.com/nattokin/go-backlog/project.go:160.62,166.2 4 1
github.com/nattokin/go-backlog/project.go:168.77,170.16 2 7
github.com/nattokin/go-backlog/project.go:173.2,176.62 3 1
github.com/nattokin/go-backlog/project.go:180.2,180.15 1 1
github.com/nattokin/go-backlog/project.go:170.16,172.3 1 6
github.com/nattokin/go-backlog/project.go:176.62,178.3 1 0
github.com/nattokin/go-backlog/project.go:186.71,189.16 3 2
github.com/nattokin/go-backlog/project.go:192.2,195.62 3 1
github.com/nattokin/go-backlog/project.go:199.2,199.16 1 1
github.com/nattokin/go-backlog/project.go:189.16,191.3 1 1
github.com/nattokin/go-backlog/project.go:195.62,197.3 1 0
github.com/nattokin/go-backlog/project.go:205.95,206.15 1 22
github.com/nattokin/go-backlog/project.go:209.2,209.16 1 21
github.com/nattokin/go-backlog/project.go:213.2,221.33 6 20
github.com/nattokin/go-backlog/project.go:228.2,233.16 5 17
github.com/nattokin/go-backlog/project.go:236.2,239.62 3 16
github.com/nattokin/go-backlog/project.go:243.2,243.16 1 16
github.com/nattokin/go-backlog/project.go:206.15,208.3 1 1
github.com/nattokin/go-backlog/project.go:209.16,211.3 1 1
github.com/nattokin/go-backlog/project.go:221.33,222.40 1 23
github.com/nattokin/go-backlog/project.go:222.40,224.4 1 3
github.com/nattokin/go-backlog/project.go:233.16,235.3 1 1
github.com/nattokin/go-backlog/project.go:239.62,241.3 1 0
github.com/nattokin/go-backlog/project.go:249.100,250.26 1 22
github.com/nattokin/go-backlog/project.go:254.2,255.33 2 21
github.com/nattokin/go-backlog/project.go:261.2,263.16 3 18
github.com/nattokin/go-backlog/project.go:266.2,269.62 3 17
github.com/nattokin/go-backlog/project.go:273.2,273.16 1 17
github.com/nattokin/go-backlog/project.go:250.26,252.3 1 1
github.com/nattokin/go-backlog/project.go:255.33,256.40 1 29
github.com/nattokin/go-backlog/project.go:256.40,258.4 1 3
github.com/nattokin/go-backlog/project.go:263.16,265.3 1 1
github.com/nattokin/go-backlog/project.go:269.62,271.3 1 0
github.com/nattokin/go-backlog/project.go:279.74,280.26 1 5
github.com/nattokin/go-backlog/project.go:283.2,285.16 3 4
github.com/nattokin/go-backlog/project.go:288.2,291.62 3 3
github.com/nattokin/go-backlog/project.go:295.2,295.16 1 3
github.com/nattokin/go-backlog/project.go:280.26,282.3 1 1
github.com/nattokin/go-backlog/project.go:285.16,287.3 1 1
github.com/nattokin/go-backlog/project.go:291.62,293.3 1 0
github.com/nattokin/go-backlog/resolution.go:8.64,12.2 1 19
github.com/nattokin/go-backlog/user.go:17.68,18.38 1 4
github.com/nattokin/go-backlog/user.go:18.38,19.21 1 4
github.com/nattokin/go-backlog/user.go:22.3,23.13 2 3
github.com/nattokin/go-backlog/user.go:19.21,21.4 1 1
github.com/nattokin/go-backlog/user.go:28.60,29.38 1 4
github.com/nattokin/go-backlog/user.go:29.38,30.17 1 4
github.com/nattokin/go-backlog/user.go:33.3,34.13 2 3
github.com/nattokin/go-backlog/user.go:30.17,32.4 1 1
github.com/nattokin/go-backlog/user.go:39.74,41.38 1 4
github.com/nattokin/go-backlog/user.go:41.38,42.24 1 4
github.com/nattokin/go-backlog/user.go:45.3,46.13 2 3
github.com/nattokin/go-backlog/user.go:42.24,44.4 1 1
github.com/nattokin/go-backlog/user.go:51.65,52.38 1 6
github.com/nattokin/go-backlog/user.go:52.38,53.35 1 6
github.com/nattokin/go-backlog/user.go:56.3,57.13 2 4
github.com/nattokin/go-backlog/user.go:53.35,55.4 1 2
github.com/nattokin/go-backlog/user.go:65.60,69.2 1 159
github.com/nattokin/go-backlog/user.go:71.60,73.16 2 4
github.com/nattokin/go-backlog/user.go:76.2,79.62 3 1
github.com/nattokin/go-backlog/user.go:83.2,83.16 1 1
github.com/nattokin/go-backlog/user.go:73.16,75.3 1 3
github.com/nattokin/go-backlog/user.go:79.62,81.3 1 0
github.com/nattokin/go-backlog/user.go:86.89,88.16 2 8
github.com/nattokin/go-backlog/user.go:91.2,94.62 3 1
github.com/nattokin/go-backlog/user.go:98.2,98.15 1 1
github.com/nattokin/go-backlog/user.go:88.16,90.3 1 7
github.com/nattokin/go-backlog/user.go:94.62,96.3 1 0
github.com/nattokin/go-backlog/user.go:101.84,103.16 2 10
github.com/nattokin/go-backlog/user.go:106.2,109.62 3 1
github.com/nattokin/go-backlog/user.go:113.2,113.16 1 1
github.com/nattokin/go-backlog/user.go:103.16,105.3 1 9
github.com/nattokin/go-backlog/user.go:109.62,111.3 1 0
github.com/nattokin/go-backlog/user.go:116.85,118.16 2 8
github.com/nattokin/go-backlog/user.go:121.2,124.62 3 1
github.com/nattokin/go-backlog/user.go:128.2,128.16 1 1
github.com/nattokin/go-backlog/user.go:118.16,120.3 1 7
github.com/nattokin/go-backlog/user.go:124.62,126.3 1 0
github.com/nattokin/go-backlog/user.go:131.86,133.16 2 9
github.com/nattokin/go-backlog/user.go:136.2,139.62 3 1
github.com/nattokin/go-backlog/user.go:143.2,143.16 1 1
github.com/nattokin/go-backlog/user.go:133.16,135.3 1 8
github.com/nattokin/go-backlog/user.go:139.62,141.3 1 0
github.com/nattokin/go-backlog/user.go:154.52,160.2 1 52
github.com/nattokin/go-backlog/user.go:165.46,168.2 2 1
github.com/nattokin/go-backlog/user.go:173.50,174.12 1 4
github.com/nattokin/go-backlog/user.go:178.2,179.21 2 3
github.com/nattokin/go-backlog/user.go:174.12,176.3 1 1
github.com/nattokin/go-backlog/user.go:185.44,188.2 2 1
github.com/nattokin/go-backlog/user.go:196.100,197.18 1 10
github.com/nattokin/go-backlog/user.go:200.2,200.20 1 9
github.com/nattokin/go-backlog/user.go:203.2,203.16 1 8
github.com/nattokin/go-backlog/user.go:206.2,206.23 1 7
github.com/nattokin/go-backlog/user.go:209.2,209.34 1 6
github.com/nattokin/go-backlog/user.go:213.2,221.30 8 4
github.com/nattokin/go-backlog/user.go:197.18,199.3 1 1
github.com/nattokin/go-backlog/user.go:200.20,202.3 1 1
github.com/nattokin/go-backlog/user.go:203.16,205.3 1 1
github.com/nattokin/go-backlog/user.go:206.23,208.3 1 1
github.com/nattokin/go-backlog/user.go:209.34,211.3 1 2
github.com/nattokin/go-backlog/user.go:227.76,228.12 1 14
github.com/nattokin/go-backlog/user.go:232.2,235.33 3 13
github.com/nattokin/go-backlog/user.go:241.2,241.31 1 8
github.com/nattokin/go-backlog/user.go:228.12,230.3 1 1
github.com/nattokin/go-backlog/user.go:235.33,236.40 1 18
github.com/nattokin/go-backlog/user.go:236.40,238.4 1 5
github.com/nattokin/go-backlog/user.go:247.53,248.12 1 3
github.com/nattokin/go-backlog/user.go:252.2,253.29 2 2
github.com/nattokin/go-backlog/user.go:248.12,250.3 1 1
github.com/nattokin/go-backlog/user.go:261.66,265.2 1 107
github.com/nattokin/go-backlog/user.go:270.100,271.26 1 6
github.com/nattokin/go-backlog/user.go:275.2,279.33 4 5
github.com/nattokin/go-backlog/user.go:271.26,273.3 1 1
github.com/nattokin/go-backlog/user.go:285.84,286.26 1 5
github.com/nattokin/go-backlog/user.go:289.2,289.16 1 4
github.com/nattokin/go-backlog/user.go:293.2,297.30 4 3
github.com/nattokin/go-backlog/user.go:286.26,288.3 1 1
github.com/nattokin/go-backlog/user.go:289.16,291.3 1 1
github.com/nattokin/go-backlog/user.go:303.87,304.26 1 6
github.com/nattokin/go-backlog/user.go:307.2,307.16 1 5
github.com/nattokin/go-backlog/user.go:311.2,315.32 4 4
github.com/nattokin/go-backlog/user.go:304.26,306.3 1 1
github.com/nattokin/go-backlog/user.go:307.16,309.3 1 1
github.com/nattokin/go-backlog/user.go:321.89,322.26 1 5
github.com/nattokin/go-backlog/user.go:325.2,325.16 1 4
github.com/nattokin/go-backlog/user.go:329.2,333.30 4 3
github.com/nattokin/go-backlog/user.go:322.26,324.3 1 1
github.com/nattokin/go-backlog/user.go:325.16,327.3 1 1
github.com/nattokin/go-backlog/user.go:339.79,340.26 1 3
github.com/nattokin/go-backlog/user.go:344.2,345.30 2 2
github.com/nattokin/go-backlog/user.go:340.26,342.3 1 1
github.com/nattokin/go-backlog/user.go:351.92,352.26 1 5
github.com/nattokin/go-backlog/user.go:355.2,355.16 1 4
github.com/nattokin/go-backlog/user.go:359.2,363.32 4 3
github.com/nattokin/go-backlog/user.go:352.26,354.3 1 1
github.com/nattokin/go-backlog/user.go:355.16,357.3 1 1
github.com/nattokin/go-backlog/client.go:25.38,27.2 1 1
github.com/nattokin/go-backlog/client.go:29.46,31.2 1 6
github.com/nattokin/go-backlog/client.go:80.56,81.21 1 22
github.com/nattokin/go-backlog/client.go:85.2,86.16 2 20
github.com/nattokin/go-backlog/client.go:90.2,97.69 2 19
github.com/nattokin/go-backlog/client.go:114.2,128.15 14 19
github.com/nattokin/go-backlog/client.go:81.21,83.3 1 2
github.com/nattokin/go-backlog/client.go:86.16,88.3 1 1
github.com/nattokin/go-backlog/client.go:97.69,99.4 1 0
github.com/nattokin/go-backlog/client.go:100.70,102.4 1 0
github.com/nattokin/go-backlog/client.go:103.71,105.4 1 0
github.com/nattokin/go-backlog/client.go:106.72,108.4 1 0
github.com/nattokin/go-backlog/client.go:109.64,111.4 1 0
github.com/nattokin/go-backlog/client.go:132.107,133.17 1 24
github.com/nattokin/go-backlog/client.go:137.2,137.19 1 18
github.com/nattokin/go-backlog/client.go:140.2,147.16 6 18
github.com/nattokin/go-backlog/client.go:151.2,153.36 2 17
github.com/nattokin/go-backlog/client.go:133.17,135.3 1 6
github.com/nattokin/go-backlog/client.go:137.19,139.3 1 8
github.com/nattokin/go-backlog/client.go:147.16,149.3 1 1
github.com/nattokin/go-backlog/client.go:157.54,159.16 2 10
github.com/nattokin/go-backlog/client.go:163.2,165.30 2 9
github.com/nattokin/go-backlog/client.go:159.16,161.3 1 1
github.com/nattokin/go-backlog/client.go:170.78,172.16 2 2
github.com/nattokin/go-backlog/client.go:176.2,176.18 1 1
github.com/nattokin/go-backlog/client.go:172.16,174.3 1 1
github.com/nattokin/go-backlog/client.go:181.79,182.19 1 2
github.com/nattokin/go-backlog/client.go:185.2,186.16 2 2
github.com/nattokin/go-backlog/client.go:190.2,192.18 2 1
github.com/nattokin/go-backlog/client.go:182.19,184.3 1 1
github.com/nattokin/go-backlog/client.go:186.16,188.3 1 1
github.com/nattokin/go-backlog/client.go:197.80,198.19 1 3
github.com/nattokin/go-backlog/client.go:201.2,202.16 2 3
github.com/nattokin/go-backlog/client.go:206.2,208.18 2 2
github.com/nattokin/go-backlog/client.go:198.19,200.3 1 1
github.com/nattokin/go-backlog/client.go:202.16,204.3 1 1
github.com/nattokin/go-backlog/client.go:213.81,214.19 1 3
github.com/nattokin/go-backlog/client.go:217.2,218.16 2 3
github.com/nattokin/go-backlog/client.go:222.2,224.18 2 2
github.com/nattokin/go-backlog/client.go:214.19,216.3 1 1
github.com/nattokin/go-backlog/client.go:218.16,220.3 1 1
github.com/nattokin/go-backlog/client.go:229.73,230.32 1 4
github.com/nattokin/go-backlog/client.go:234.2,238.16 4 2
github.com/nattokin/go-backlog/client.go:241.2,244.16 3 2
github.com/nattokin/go-backlog/client.go:247.2,247.41 1 2
github.com/nattokin/go-backlog/client.go:250.2,253.16 3 2
github.com/nattokin/go-backlog/client.go:257.2,259.18 2 1
github.com/nattokin/go-backlog/client.go:230.32,232.3 1 2
github.com/nattokin/go-backlog/client.go:238.16,240.3 1 0
github.com/nattokin/go-backlog/client.go:244.16,246.3 1 0
github.com/nattokin/go-backlog/client.go:247.41,249.3 1 0
github.com/nattokin/go-backlog/client.go:253.16,255.3 1 1
github.com/nattokin/go-backlog/client.go:263.40,265.2 1 134
github.com/nattokin/go-backlog/client.go:268.49,275.2 2 66
github.com/nattokin/go-backlog/client.go:278.57,279.48 1 15
github.com/nattokin/go-backlog/client.go:283.2,283.19 1 5
github.com/nattokin/go-backlog/client.go:286.2,288.64 2 4
github.com/nattokin/go-backlog/client.go:292.2,292.21 1 3
github.com/nattokin/go-backlog/client.go:279.48,281.3 1 10
github.com/nattokin/go-backlog/client.go:283.19,285.3 1 1
github.com/nattokin/go-backlog/client.go:288.64,290.3 1 1
github.com/nattokin/go-backlog/error.go:14.32,18.26 3 1
github.com/nattokin/go-backlog/error.go:22.2,22.12 1 1
github.com/nattokin/go-backlog/error.go:18.26,20.3 1 0
github.com/nattokin/go-backlog/error.go:26.43,30.27 3 1
github.com/nattokin/go-backlog/error.go:34.2,34.36 1 1
github.com/nattokin/go-backlog/error.go:30.27,32.3 1 1
github.com/nattokin/go-backlog/wiki.go:18.52,29.2 2 45
github.com/nattokin/go-backlog/wiki.go:39.60,40.38 1 6
github.com/nattokin/go-backlog/wiki.go:40.38,41.17 1 5
github.com/nattokin/go-backlog/wiki.go:44.3,45.13 2 5
github.com/nattokin/go-backlog/wiki.go:41.17,43.4 1 0
github.com/nattokin/go-backlog/wiki.go:50.66,51.38 1 6
github.com/nattokin/go-backlog/wiki.go:51.38,52.20 1 5
github.com/nattokin/go-backlog/wiki.go:55.3,56.13 2 5
github.com/nattokin/go-backlog/wiki.go:52.20,54.4 1 0
github.com/nattokin/go-backlog/wiki.go:61.55,62.38 1 6
github.com/nattokin/go-backlog/wiki.go:62.38,65.3 2 6
github.com/nattokin/go-backlog/wiki.go:71.67,73.2 1 2
github.com/nattokin/go-backlog/wiki.go:78.79,81.19 3 3
github.com/nattokin/go-backlog/wiki.go:84.2,85.16 2 3
github.com/nattokin/go-backlog/wiki.go:88.2,91.62 3 1
github.com/nattokin/go-backlog/wiki.go:95.2,95.15 1 1
github.com/nattokin/go-backlog/wiki.go:81.19,83.3 1 1
github.com/nattokin/go-backlog/wiki.go:85.16,87.3 1 2
github.com/nattokin/go-backlog/wiki.go:91.62,93.3 1 0
github.com/nattokin/go-backlog/wiki.go:101.65,105.16 4 2
github.com/nattokin/go-backlog/wiki.go:108.2,111.62 3 1
github.com/nattokin/go-backlog/wiki.go:115.2,115.24 1 1
github.com/nattokin/go-backlog/wiki.go:105.16,107.3 1 1
github.com/nattokin/go-backlog/wiki.go:111.62,113.3 1 0
github.com/nattokin/go-backlog/wiki.go:121.54,124.16 3 2
github.com/nattokin/go-backlog/wiki.go:127.2,130.62 3 1
github.com/nattokin/go-backlog/wiki.go:134.2,134.16 1 1
github.com/nattokin/go-backlog/wiki.go:124.16,126.3 1 1
github.com/nattokin/go-backlog/wiki.go:130.62,132.3 1 0
github.com/nattokin/go-backlog/wiki.go:140.99,141.16 1 7
github.com/nattokin/go-backlog/wiki.go:144.2,144.43 1 5
github.com/nattokin/go-backlog/wiki.go:141.16,143.3 1 2
github.com/nattokin/go-backlog/wiki.go:147.105,148.20 1 7
github.com/nattokin/go-backlog/wiki.go:151.2,151.16 1 6
github.com/nattokin/go-backlog/wiki.go:154.2,154.19 1 5
github.com/nattokin/go-backlog/wiki.go:157.2,162.33 5 4
github.com/nattokin/go-backlog/wiki.go:168.2,169.16 2 4
github.com/nattokin/go-backlog/wiki.go:172.2,175.62 3 3
github.com/nattokin/go-backlog/wiki.go:179.2,179.16 1 3
github.com/nattokin/go-backlog/wiki.go:148.20,150.3 1 1
github.com/nattokin/go-backlog/wiki.go:151.16,153.3 1 1
github.com/nattokin/go-backlog/wiki.go:154.19,156.3 1 1
github.com/nattokin/go-backlog/wiki.go:162.33,163.40 1 2
github.com/nattokin/go-backlog/wiki.go:163.40,165.4 1 0
github.com/nattokin/go-backlog/wiki.go:169.16,171.3 1 1
github.com/nattokin/go-backlog/wiki.go:175.62,177.3 1 0
github.com/nattokin/go-backlog/wiki.go:185.96,187.16 2 7
github.com/nattokin/go-backlog/wiki.go:190.2,190.19 1 7
github.com/nattokin/go-backlog/wiki.go:193.2,193.16 1 7
github.com/nattokin/go-backlog/wiki.go:196.2,196.37 1 7
github.com/nattokin/go-backlog/wiki.go:187.16,189.3 1 6
github.com/nattokin/go-backlog/wiki.go:190.19,192.3 1 6
github.com/nattokin/go-backlog/wiki.go:193.16,195.3 1 2
github.com/nattokin/go-backlog/wiki.go:199.80,200.17 1 7
github.com/nattokin/go-backlog/wiki.go:204.2,205.33 2 6
github.com/nattokin/go-backlog/wiki.go:211.2,213.16 3 6
github.com/nattokin/go-backlog/wiki.go:216.2,219.62 3 5
github.com/nattokin/go-backlog/wiki.go:223.2,223.16 1 5
github.com/nattokin/go-backlog/wiki.go:200.17,202.3 1 1
github.com/nattokin/go-backlog/wiki.go:205.33,206.40 1 12
github.com/nattokin/go-backlog/wiki.go:206.40,208.4 1 0
github.com/nattokin/go-backlog/wiki.go:213.16,215.3 1 1
github.com/nattokin/go-backlog/wiki.go:219.62,221.3 1 0
github.com/nattokin/go-backlog/wiki.go:229.74,230.16 1 5
github.com/nattokin/go-backlog/wiki.go:233.2,233.25 1 3
github.com/nattokin/go-backlog/wiki.go:230.16,232.3 1 2
github.com/nattokin/go-backlog/wiki.go:236.80,237.17 1 5
github.com/nattokin/go-backlog/wiki.go:240.2,241.33 2 4
github.com/nattokin/go-backlog/wiki.go:247.2,249.16 3 4
github.com/nattokin/go-backlog/wiki.go:252.2,255.62 3 3
github.com/nattokin/go-backlog/wiki.go:259.2,259.16 1 3
github.com/nattokin/go-backlog/wiki.go:237.17,239.3 1 1
github.com/nattokin/go-backlog/wiki.go:241.33,242.40 1 2
github.com/nattokin/go-backlog/wiki.go:242.40,244.4 1 0
github.com/nattokin/go-backlog/wiki.go:249.16,251.3 1 1
github.com/nattokin/go-backlog/wiki.go:255.62,257.3 1 0
github.com/nattokin/go-backlog/version.go:8.58,12.2 1 19
github.com/nattokin/go-backlog/customfield.go:8.66,12.2 1 19
